[    0.000000] Initializing cgroup subsys cpuset
[    0.000000] Initializing cgroup subsys cpu
[    0.000000] Initializing cgroup subsys cpuacct
[    0.000000] Linux version 4.4.0-112-generic (buildd@lgw01-amd64-010) (gcc version 5.4.0 20160609 (Ubuntu 5.4.0-6ubuntu1~16.04.5) ) #135-Ubuntu SMP Fri Jan 19 11:48:36 UTC 2018 (Ubuntu 4.4.0-112.135-generic 4.4.98)
[    0.000000] Command line: BOOT_IMAGE=/boot/vmlinuz-4.4.0-112-generic root=LABEL=cloudimg-rootfs ro console=tty1 console=ttyS0
[    0.000000] KERNEL supported cpus:
[    0.000000]   Intel GenuineIntel
[    0.000000]   AMD AuthenticAMD
[    0.000000]   Centaur CentaurHauls
[    0.000000] x86/fpu: xstate_offset[2]:  576, xstate_sizes[2]:  256
[    0.000000] x86/fpu: Supporting XSAVE feature 0x01: 'x87 floating point registers'
[    0.000000] x86/fpu: Supporting XSAVE feature 0x02: 'SSE registers'
[    0.000000] x86/fpu: Supporting XSAVE feature 0x04: 'AVX registers'
[    0.000000] x86/fpu: Enabled xstate features 0x7, context size is 832 bytes, using 'standard' format.
[    0.000000] x86/fpu: Using 'lazy' FPU context switches.
[    0.000000] e820: BIOS-provided physical RAM map:
[    0.000000] BIOS-e820: [mem 0x0000000000000000-0x000000000009fbff] usable
[    0.000000] BIOS-e820: [mem 0x000000000009fc00-0x000000000009ffff] reserved
[    0.000000] BIOS-e820: [mem 0x00000000000f0000-0x00000000000fffff] reserved
[    0.000000] BIOS-e820: [mem 0x0000000000100000-0x000000001ffeffff] usable
[    0.000000] BIOS-e820: [mem 0x000000001fff0000-0x000000001fffffff] ACPI data
[    0.000000] BIOS-e820: [mem 0x00000000fec00000-0x00000000fec00fff] reserved
[    0.000000] BIOS-e820: [mem 0x00000000fee00000-0x00000000fee00fff] reserved
[    0.000000] BIOS-e820: [mem 0x00000000fffc0000-0x00000000ffffffff] reserved
[    0.000000] NX (Execute Disable) protection: active
[    0.000000] SMBIOS 2.5 present.
[    0.000000] Hypervisor detected: KVM
[    0.000000] e820: last_pfn = 0x1fff0 max_arch_pfn = 0x400000000
[    0.000000] MTRR: Disabled
[    0.000000] x86/PAT: MTRRs disabled, skipping PAT initialization too.
[    0.000000] CPU MTRRs all blank - virtualized system.
[    0.000000] x86/PAT: Configuration [0-7]: WB  WT  UC- UC  WB  WT  UC- UC  
[    0.000000] found SMP MP-table at [mem 0x0009fff0-0x0009ffff] mapped at [ffff88000009fff0]
[    0.000000] Scanning 1 areas for low memory corruption
[    0.000000] RAMDISK: [mem 0x1ecf2000-0x1f77bfff]
[    0.000000] ACPI: Early table checksum verification disabled
[    0.000000] ACPI: RSDP 0x00000000000E0000 000024 (v02 VBOX  )
[    0.000000] ACPI: XSDT 0x000000001FFF0030 00003C (v01 VBOX   VBOXXSDT 00000001 ASL  00000061)
[    0.000000] ACPI: FACP 0x000000001FFF00F0 0000F4 (v04 VBOX   VBOXFACP 00000001 ASL  00000061)
[    0.000000] ACPI: DSDT 0x000000001FFF0470 0021FF (v02 VBOX   VBOXBIOS 00000002 INTL 20100528)
[    0.000000] ACPI: FACS 0x000000001FFF0200 000040
[    0.000000] ACPI: FACS 0x000000001FFF0200 000040
[    0.000000] ACPI: APIC 0x000000001FFF0240 000054 (v02 VBOX   VBOXAPIC 00000001 ASL  00000061)
[    0.000000] ACPI: SSDT 0x000000001FFF02A0 0001CC (v01 VBOX   VBOXCPUT 00000002 INTL 20100528)
[    0.000000] No NUMA configuration found
[    0.000000] Faking a node at [mem 0x0000000000000000-0x000000001ffeffff]
[    0.000000] NODE_DATA(0) allocated [mem 0x1ffeb000-0x1ffeffff]
[    0.000000] kvm-clock: Using msrs 4b564d01 and 4b564d00
[    0.000000] kvm-clock: cpu 0, msr 0:1ffe3001, primary cpu clock
[    0.000000] kvm-clock: using sched offset of 2963767389 cycles
[    0.000000] clocksource: kvm-clock: mask: 0xffffffffffffffff max_cycles: 0x1cd42e4dffb, max_idle_ns: 881590591483 ns
[    0.000000] Zone ranges:
[    0.000000]   DMA      [mem 0x0000000000001000-0x0000000000ffffff]
[    0.000000]   DMA32    [mem 0x0000000001000000-0x000000001ffeffff]
[    0.000000]   Normal   empty
[    0.000000]   Device   empty
[    0.000000] Movable zone start for each node
[    0.000000] Early memory node ranges
[    0.000000]   node   0: [mem 0x0000000000001000-0x000000000009efff]
[    0.000000]   node   0: [mem 0x0000000000100000-0x000000001ffeffff]
[    0.000000] Initmem setup node 0 [mem 0x0000000000001000-0x000000001ffeffff]
[    0.000000] ACPI: PM-Timer IO Port: 0x4008
[    0.000000] IOAPIC[0]: apic_id 1, version 32, address 0xfec00000, GSI 0-23
[    0.000000] ACPI: INT_SRC_OVR (bus 0 bus_irq 0 global_irq 2 dfl dfl)
[    0.000000] ACPI: INT_SRC_OVR (bus 0 bus_irq 9 global_irq 9 low level)
[    0.000000] Using ACPI (MADT) for SMP configuration information
[    0.000000] smpboot: Allowing 1 CPUs, 0 hotplug CPUs
[    0.000000] PM: Registered nosave memory: [mem 0x00000000-0x00000fff]
[    0.000000] PM: Registered nosave memory: [mem 0x0009f000-0x0009ffff]
[    0.000000] PM: Registered nosave memory: [mem 0x000a0000-0x000effff]
[    0.000000] PM: Registered nosave memory: [mem 0x000f0000-0x000fffff]
[    0.000000] e820: [mem 0x20000000-0xfebfffff] available for PCI devices
[    0.000000] Booting paravirtualized kernel on KVM
[    0.000000] clocksource: refined-jiffies: mask: 0xffffffff max_cycles: 0xffffffff, max_idle_ns: 7645519600211568 ns
[    0.000000] setup_percpu: NR_CPUS:512 nr_cpumask_bits:512 nr_cpu_ids:1 nr_node_ids:1
[    0.000000] PERCPU: Embedded 34 pages/cpu @ffff88001fc00000 s99544 r8192 d31528 u2097152
[    0.000000] PV qspinlock hash table entries: 256 (order: 0, 4096 bytes)
[    0.000000] Built 1 zonelists in Node order, mobility grouping on.  Total pages: 128889
[    0.000000] Policy zone: DMA32
[    0.000000] Kernel command line: BOOT_IMAGE=/boot/vmlinuz-4.4.0-112-generic root=LABEL=cloudimg-rootfs ro console=tty1 console=ttyS0
[    0.000000] PID hash table entries: 2048 (order: 2, 16384 bytes)
[    0.000000] Memory: 485796K/523832K available (8499K kernel code, 1309K rwdata, 3988K rodata, 1508K init, 1316K bss, 38036K reserved, 0K cma-reserved)
[    0.000000] SLUB: HWalign=64, Order=0-3, MinObjects=0, CPUs=1, Nodes=1
[    0.000000] Kernel/User page tables isolation: enabled
[    0.000000] Hierarchical RCU implementation.
[    0.000000] 	Build-time adjustment of leaf fanout to 64.
[    0.000000] 	RCU restricting CPUs from NR_CPUS=512 to nr_cpu_ids=1.
[    0.000000] RCU: Adjusting geometry for rcu_fanout_leaf=64, nr_cpu_ids=1
[    0.000000] NR_IRQS:33024 nr_irqs:256 16
[    0.000000] Console: colour VGA+ 80x25
[    0.000000] console [tty1] enabled
[    0.000000] console [ttyS0] enabled
[    0.000000] tsc: Detected 4008.000 MHz processor
[    1.249357] Calibrating delay loop (skipped) preset value.. 8016.00 BogoMIPS (lpj=16032000)
[    1.250477] pid_max: default: 32768 minimum: 301
[    1.297844] ACPI: Core revision 20150930
[    1.300990] ACPI: 2 ACPI AML tables successfully acquired and loaded
[    1.312136] Security Framework initialized
[    1.313856] Yama: becoming mindful.
[    1.314379] AppArmor: AppArmor initialized
[    1.314961] Dentry cache hash table entries: 65536 (order: 7, 524288 bytes)
[    1.315813] Inode-cache hash table entries: 32768 (order: 6, 262144 bytes)
[    1.316633] Mount-cache hash table entries: 1024 (order: 1, 8192 bytes)
[    1.346868] Mountpoint-cache hash table entries: 1024 (order: 1, 8192 bytes)
[    1.347791] Initializing cgroup subsys io
[    1.348334] Initializing cgroup subsys memory
[    1.348917] Initializing cgroup subsys devices
[    1.372282] Initializing cgroup subsys freezer
[    1.383905] Initializing cgroup subsys net_cls
[    1.418993] Initializing cgroup subsys perf_event
[    1.446146] Initializing cgroup subsys net_prio
[    1.446757] Initializing cgroup subsys hugetlb
[    1.456768] Initializing cgroup subsys pids
[    1.466921] CPU: Physical Processor ID: 0
[    1.467483] FEATURE SPEC_CTRL Not Present
[    1.468893] mce: CPU supports 0 MCE banks
[    1.487321] process: using mwait in idle threads
[    1.516132] Last level iTLB entries: 4KB 64, 2MB 8, 4MB 8
[    1.540162] Last level dTLB entries: 4KB 64, 2MB 0, 4MB 0, 1GB 4
[    1.562350] Freeing SMP alternatives memory: 32K
[    1.596391] ftrace: allocating 32180 entries in 126 pages
[    1.633129] smpboot: APIC(0) Converting physical 0 to logical package 0
[    1.750090] smpboot: Max logical packages: 1
[    1.750886] x2apic enabled
[    1.824381] Switched APIC routing to physical x2apic.
[    1.845232] ..TIMER: vector=0x30 apic1=0 pin1=2 apic2=-1 pin2=-1
[    1.961207] smpboot: CPU0: Intel(R) Core(TM) i7-6700K CPU @ 4.00GHz (family: 0x6, model: 0x5e, stepping: 0x3)
[    2.213566] Performance Events: unsupported p6 CPU model 94 no PMU driver, software events only.
[    2.458435] KVM setup paravirtual spinlock
[    2.568054] x86: Booted up 1 node, 1 CPUs
[    2.606179] smpboot: Total of 1 processors activated (8016.00 BogoMIPS)
[    2.619445] devtmpfs: initialized
[    2.628765] evm: security.selinux
[    2.697988] evm: security.SMACK64
[    2.789701] evm: security.SMACK64EXEC
[    2.878932] evm: security.SMACK64TRANSMUTE
[    2.982240] evm: security.SMACK64MMAP
[    2.982750] evm: security.ima
[    2.983192] evm: security.capability
[    2.983788] clocksource: jiffies: mask: 0xffffffff max_cycles: 0xffffffff, max_idle_ns: 7645041785100000 ns
[    2.989443] futex hash table entries: 256 (order: 2, 16384 bytes)
[    3.033809] pinctrl core: initialized pinctrl subsystem
[    3.034537] RTC time: 21:42:30, date: 02/07/18
[    3.036688] NET: Registered protocol family 16
[    3.161078] cpuidle: using governor ladder
[    3.207824] cpuidle: using governor menu
[    3.235319] PCCT header not found.
[    3.235862] ACPI: bus type PCI registered
[    3.349467] acpiphp: ACPI Hot Plug PCI Controller Driver version: 0.5
[    3.514535] PCI: Using configuration type 1 for base access
[    3.636710] ACPI: Added _OSI(Module Device)
[    3.683509] ACPI: Added _OSI(Processor Device)
[    3.684090] ACPI: Added _OSI(3.0 _SCP Extensions)
[    3.684686] ACPI: Added _OSI(Processor Aggregator Device)
[    3.685755] ACPI: Executed 1 blocks of module-level executable AML code
[    3.696782] ACPI: Interpreter enabled
[    3.721095] ACPI: (supports S0 S5)
[    3.735965] ACPI: Using IOAPIC for interrupt routing
[    3.770767] PCI: Using host bridge windows from ACPI; if necessary, use "pci=nocrs" and report a bug
[    3.922982] ACPI: PCI Root Bridge [PCI0] (domain 0000 [bus 00-ff])
[    4.035131] acpi PNP0A03:00: _OSC: OS supports [ASPM ClockPM Segments MSI]
[    4.078435] acpi PNP0A03:00: _OSC: not requesting OS control; OS requires [ExtendedConfig ASPM ClockPM MSI]
[    4.226176] acpi PNP0A03:00: fail to add MMCONFIG information, can't access extended PCI configuration space under this bridge.
[    4.237000] PCI host bridge to bus 0000:00
[    4.237544] pci_bus 0000:00: root bus resource [io  0x0000-0x0cf7 window]
[    4.244838] pci_bus 0000:00: root bus resource [io  0x0d00-0xffff window]
[    4.412508] pci_bus 0000:00: root bus resource [mem 0x000a0000-0x000bffff window]
[    4.477170] pci_bus 0000:00: root bus resource [mem 0x20000000-0xfdffffff window]
[    4.479294] pci_bus 0000:00: root bus resource [bus 00-ff]
[    4.481185] pci 0000:00:01.1: legacy IDE quirk: reg 0x10: [io  0x01f0-0x01f7]
[    4.488667] pci 0000:00:01.1: legacy IDE quirk: reg 0x14: [io  0x03f6]
[    4.541564] pci 0000:00:01.1: legacy IDE quirk: reg 0x18: [io  0x0170-0x0177]
[    4.606529] pci 0000:00:01.1: legacy IDE quirk: reg 0x1c: [io  0x0376]
[    4.644940] pci 0000:00:07.0: quirk: [io  0x4000-0x403f] claimed by PIIX4 ACPI
[    4.813821] pci 0000:00:07.0: quirk: [io  0x4100-0x410f] claimed by PIIX4 SMB
[    4.824497] ACPI: PCI Interrupt Link [LNKA] (IRQs 5 9 10 *11)
[    4.868041] ACPI: PCI Interrupt Link [LNKB] (IRQs 5 9 *10 11)
[    5.014170] ACPI: PCI Interrupt Link [LNKC] (IRQs 5 *9 10 11)
[    5.138549] ACPI: PCI Interrupt Link [LNKD] (IRQs 5 9 10 *11)
[    5.199709] ACPI: Enabled 2 GPEs in block 00 to 07
[    5.322984] vgaarb: setting as boot device: PCI:0000:00:02.0
[    5.490942] vgaarb: device added: PCI:0000:00:02.0,decodes=io+mem,owns=io+mem,locks=none
[    5.603791] vgaarb: loaded
[    5.610244] vgaarb: bridge control possible 0000:00:02.0
[    5.611079] SCSI subsystem initialized
[    5.630867] ACPI: bus type USB registered
[    5.649387] usbcore: registered new interface driver usbfs
[    5.742311] usbcore: registered new interface driver hub
[    5.882094] usbcore: registered new device driver usb
[    5.895433] PCI: Using ACPI for IRQ routing
[    5.898308] NetLabel: Initializing
[    5.911039] NetLabel:  domain hash size = 128
[    5.916866] NetLabel:  protocols = UNLABELED CIPSOv4
[    6.037820] NetLabel:  unlabeled traffic allowed by default
[    6.193990] amd_nb: Cannot enumerate AMD northbridges
[    6.265531] clocksource: Switched to clocksource kvm-clock
[    6.344949] AppArmor: AppArmor Filesystem Enabled
[    6.351758] pnp: PnP ACPI init
[    6.354020] pnp: PnP ACPI: found 3 devices
[    6.359716] clocksource: acpi_pm: mask: 0xffffff max_cycles: 0xffffff, max_idle_ns: 2085701024 ns
[    6.457237] NET: Registered protocol family 2
[    6.475343] TCP established hash table entries: 4096 (order: 3, 32768 bytes)
[    6.487771] TCP bind hash table entries: 4096 (order: 4, 65536 bytes)
[    6.568556] TCP: Hash tables configured (established 4096 bind 4096)
[    6.698989] UDP hash table entries: 256 (order: 1, 8192 bytes)
[    6.699698] UDP-Lite hash table entries: 256 (order: 1, 8192 bytes)
[    6.725612] NET: Registered protocol family 1
[    6.846314] pci 0000:00:00.0: Limiting direct PCI/PCI transfers
[    6.944116] pci 0000:00:01.0: Activating ISA DMA hang workarounds
[    7.032194] Unpacking initramfs...
[    8.304114] Freeing initrd memory: 10792K
[    8.420490] platform rtc_cmos: registered platform RTC device (no PNP device found)
[    8.549768] Scanning for low memory corruption every 60 seconds
[    8.550675] audit: initializing netlink subsys (disabled)
[    8.571134] audit: type=2000 audit(1518039754.032:1): initialized
[    8.573895] Initialise system trusted keyring
[    8.697216] HugeTLB registered 2 MB page size, pre-allocated 0 pages
[    8.732921] zbud: loaded
[    8.733452] VFS: Disk quotas dquot_6.6.0
[    8.734020] VFS: Dquot-cache hash table entries: 512 (order 0, 4096 bytes)
[    8.754516] squashfs: version 4.0 (2009/01/31) Phillip Lougher
[    8.900044] fuse init (API version 7.23)
[    8.900649] Key type big_key registered
[    8.901187] Allocating IMA MOK and blacklist keyrings.
[    8.912914] Key type asymmetric registered
[    9.007682] Asymmetric key parser 'x509' registered
[    9.128420] Block layer SCSI generic (bsg) driver version 0.4 loaded (major 249)
[    9.169629] io scheduler noop registered
[    9.208668] io scheduler deadline registered (default)
[    9.267350] io scheduler cfq registered
[    9.339631] pci_hotplug: PCI Hot Plug PCI Core version: 0.5
[    9.503651] tsc: Refined TSC clocksource calibration: 4005.843 MHz
[    9.510964] clocksource: tsc: mask: 0xffffffffffffffff max_cycles: 0x39bdec63c85, max_idle_ns: 440795300139 ns
[    9.579854] pciehp: PCI Express Hot Plug Controller Driver version: 0.4
[    9.582178] ACPI: AC Adapter [AC] (on-line)
[    9.582763] input: Power Button as /devices/LNXSYSTM:00/LNXPWRBN:00/input/input0
[    9.583735] ACPI: Power Button [PWRF]
[    9.584275] input: Sleep Button as /devices/LNXSYSTM:00/LNXSLPBN:00/input/input1
[    9.585266] ACPI: Sleep Button [SLPF]
[    9.587448] GHES: HEST is not enabled!
[    9.588019] Serial: 8250/16550 driver, 32 ports, IRQ sharing enabled
[    9.610306] 00:02: ttyS0 at I/O 0x3f8 (irq = 4, base_baud = 115200) is a 16550A
[    9.619583] Linux agpgart interface v0.103
[    9.699281] loop: module loaded
[    9.769048] scsi host0: ata_piix
[    9.860527] scsi host1: ata_piix
[    9.917647] ata1: PATA max UDMA/33 cmd 0x1f0 ctl 0x3f6 bmdma 0xd000 irq 14
[    9.939648] ata2: PATA max UDMA/33 cmd 0x170 ctl 0x376 bmdma 0xd008 irq 15
[    9.955007] libphy: Fixed MDIO Bus: probed
[   10.064702] tun: Universal TUN/TAP device driver, 1.6
[   10.186907] tun: (C) 1999-2004 Max Krasnyansky <maxk@qualcomm.com>
[   10.254376] PPP generic driver version 2.4.2
[   10.264720] ehci_hcd: USB 2.0 'Enhanced' Host Controller (EHCI) Driver
[   10.280384] ehci-pci: EHCI PCI platform driver
[   10.298114] ehci-platform: EHCI generic platform driver
[   10.344868] ohci_hcd: USB 1.1 'Open' Host Controller (OHCI) Driver
[   10.394159] ohci-pci: OHCI PCI platform driver
[   10.394758] ohci-platform: OHCI generic platform driver
[   10.416527] uhci_hcd: USB Universal Host Controller Interface driver
[   10.449862] i8042: PNP: PS/2 Controller [PNP0303:PS2K,PNP0f03:PS2M] at 0x60,0x64 irq 1,12
[   10.451277] serio: i8042 KBD port at 0x60,0x64 irq 1
[   10.546271] serio: i8042 AUX port at 0x60,0x64 irq 12
[   10.679730] mousedev: PS/2 mouse device common for all mice
[   10.689736] input: AT Translated Set 2 keyboard as /devices/platform/i8042/serio0/input/input2
[   10.771768] rtc_cmos rtc_cmos: rtc core: registered rtc_cmos as rtc0
[   10.888437] rtc_cmos rtc_cmos: alarms up to one day, 114 bytes nvram
[   11.069756] i2c /dev entries driver
[   11.142419] device-mapper: uevent: version 1.0.3
[   11.287685] device-mapper: ioctl: 4.34.0-ioctl (2015-10-28) initialised: dm-devel@redhat.com
[   11.302536] ledtrig-cpu: registered to indicate activity on CPUs
[   11.304895] NET: Registered protocol family 10
[   11.305568] NET: Registered protocol family 17
[   11.306167] Key type dns_resolver registered
[   11.306830] microcode: CPU0 sig=0x506e3, pf=0x2, revision=0x0
[   11.334731] microcode: Microcode Update Driver: v2.01 <tigran@aivazian.fsnet.co.uk>, Peter Oruba
[   11.371353] registered taskstats version 1
[   11.376753] Loading compiled-in X.509 certificates
[   11.509311] Loaded X.509 cert 'Build time autogenerated kernel key: 4c603087bab8f0a02cb3b4e1fb4c40f507e71ef1'
[   11.700392] zswap: loaded using pool lzo/zbud
[   11.747085] Key type trusted registered
[   11.826846] Key type encrypted registered
[   11.935170] AppArmor: AppArmor sha1 policy hashing enabled
[   11.935848] ima: No TPM chip found, activating TPM-bypass!
[   11.936528] evm: HMAC attrs: 0x1
[   11.937142]   Magic number: 6:413:752
[   11.937659] tty ttyS3: hash matches
[   11.938200] rtc_cmos rtc_cmos: setting system clock to 2018-02-07 21:42:38 UTC (1518039758)
[   12.058813] BIOS EDD facility v0.16 2004-Jun-25, 0 devices found
[   12.137769] EDD information not available.
[   12.215760] Freeing unused kernel memory: 1508K
[   12.347290] Write protecting the kernel read-only data: 14336k
[   12.361599] Freeing unused kernel memory: 1728K
[   12.363726] Freeing unused kernel memory: 108K
Loading, please [   12.372594] random: udevadm: uninitialized urandom read (16 bytes read, 5 bits of entropy available)
wait...
startin[   12.558281] random: systemd-udevd: uninitialized urandom read (16 bytes read, 5 bits of entropy available)
g version 229
[   12.690033] random: systemd-udevd: uninitialized urandom read (16 bytes read, 5 bits of entropy available)
[   12.695521] random: systemd-udevd: uninitialized urandom read (16 bytes read, 5 bits of entropy available)
[   12.698199] random: systemd-udevd: uninitialized urandom read (16 bytes read, 5 bits of entropy available)
[   12.708050] random: udevadm: uninitialized urandom read (16 bytes read, 5 bits of entropy available)
[   12.716089] random: systemd-udevd: uninitialized urandom read (16 bytes read, 5 bits of entropy available)
[   12.922721] random: udevadm: uninitialized urandom read (16 bytes read, 5 bits of entropy available)
[   13.007083] random: udevadm: uninitialized urandom read (16 bytes read, 5 bits of entropy available)
[   13.067390] random: udevadm: uninitialized urandom read (16 bytes read, 5 bits of entropy available)
[   13.120664] e1000: Intel(R) PRO/1000 Network Driver - version 7.3.21-k8-NAPI
[   13.183396] e1000: Copyright (c) 1999-2006 Intel Corporation.
[   13.186047] Fusion MPT base driver 3.04.20
[   13.188795] Copyright (c) 1999-2008 LSI Corporation
[   13.231534] AVX2 version of gcm_enc/dec engaged.
[   13.350491] AES CTR mode by8 optimization enabled
[   13.482284] input: ImExPS/2 Generic Explorer Mouse as /devices/platform/i8042/serio1/input/input4
[   13.549902] Fusion MPT SPI Host driver 3.04.20
[   13.562851] mptbase: ioc0: Initiating bringup
[   13.690093] ioc0: LSI53C1030 A0: Capabilities={Initiator}
[   13.979601] scsi host2: ioc0: LSI53C1030 A0, FwRev=00000000h, Ports=1, MaxQ=256, IRQ=20
[   14.138671] scsi 2:0:0:0: Direct-Access     VBOX     HARDDISK         1.0  PQ: 0 ANSI: 5
[   14.291136] scsi target2:0:0: Beginning Domain Validation
[   14.473969] scsi target2:0:0: Domain Validation skipping write tests
[   14.593133] scsi target2:0:0: Ending Domain Validation
[   14.793352] scsi target2:0:0: asynchronous
[   14.945194] scsi 2:0:1:0: Direct-Access     VBOX     HARDDISK         1.0  PQ: 0 ANSI: 5
[   14.984098] scsi target2:0:1: Beginning Domain Validation
[   15.116498] e1000 0000:00:03.0 eth0: (PCI:33MHz:32-bit) 02:1f:2a:60:99:e3
[   15.329035] e1000 0000:00:03.0 eth0: Intel(R) PRO/1000 Network Connection
[   15.482846] scsi target2:0:1: Domain Validation skipping write tests
[   15.483592] scsi target2:0:1: Ending Domain Validation
[   15.484260] scsi target2:0:1: asynchronous
[   15.580388] e1000 0000:00:03.0 enp0s3: renamed from eth0
[   15.722099] sd 2:0:0:0: Attached scsi generic sg0 type 0
[   15.769665] sd 2:0:0:0: [sda] 20971520 512-byte logical blocks: (10.7 GB/10.0 GiB)
[   15.776791] sd 2:0:0:0: [sda] Write Protect is off
[   15.809001] sd 2:0:1:0: [sdb] 20480 512-byte logical blocks: (10.5 MB/10.0 MiB)
[   15.937690] sd 2:0:1:0: Attached scsi generic sg1 type 0
[   15.938664] sd 2:0:0:0: [sda] Incomplete mode parameter data
[   15.939356] sd 2:0:0:0: [sda] Assuming drive cache: write through
[   15.940194] sd 2:0:1:0: [sdb] Write Protect is off
[   15.948873] sd 2:0:1:0: [sdb] Incomplete mode parameter data
[   15.949577] sd 2:0:1:0: [sdb] Assuming drive cache: write through
[   15.951087]  sda: sda1
[   15.991777] sd 2:0:0:0: [sda] Attached SCSI disk
[   16.000809] sd 2:0:1:0: [sdb] Attached SCSI disk
[   16.545635] floppy0: no floppy controllers found
Begin: Loading e[   17.798680] md: linear personality registered for level -1
ssential drivers ... [   17.807654] md: multipath personality registered for level -4
[   17.860895] md: raid0 personality registered for level 0
[   17.909512] md: raid1 personality registered for level 1
[   18.017939] raid6: sse2x1   gen() 13489 MB/s
[   18.177869] raid6: sse2x1   xor() 10266 MB/s
[   18.333777] raid6: sse2x2   gen() 16963 MB/s
[   18.414015] raid6: sse2x2   xor()  9590 MB/s
[   18.513785] raid6: sse2x4   gen() 18875 MB/s
[   18.689972] raid6: sse2x4   xor() 12681 MB/s
[   18.865925] raid6: avx2x1   gen() 26588 MB/s
[   18.945632] raid6: avx2x2   gen() 29528 MB/s
[   19.037913] raid6: avx2x4   gen() 29137 MB/s
[   19.074321] raid6: using algorithm avx2x2 gen() 29528 MB/s
[   19.074994] raid6: using avx2x2 recovery algorithm
[   19.076892] xor: automatically using best checksumming function:
[   19.181817]    avx       : 24221.000 MB/sec
[   19.203040] async_tx: api initialized (async)
[   19.212258] md: raid6 personality registered for level 6
[   19.337109] md: raid5 personality registered for level 5
[   19.359197] md: raid4 personality registered for level 4
[   19.364477] md: raid10 personality registered for level 10
done.
Begin: Running /scripts/init-premount ... done[   19.498470] Btrfs loaded
.
Begin: Mounting root file system ... Begin: Running /scripts/local-top ... done.
Begin: Running /scripts/local-premount ... Scanning for Btrfs filesystems
done.
Warning: fsck not present, so skipping ro[   19.565215] EXT4-fs (sda1): mounted filesystem with ordered data mode. Opts: (null)
ot file system
done.
Begin: Running /scripts/local-bottom ... done.
Begin: Running /scripts/init-bottom ... done.
[   19.717366] systemd[1]: systemd 229 running in system mode. (+PAM +AUDIT +SELINUX +IMA +APPARMOR +SMACK +SYSVINIT +UTMP +LIBCRYPTSETUP +GCRYPT +GNUTLS +ACL +XZ -LZ4 +SECCOMP +BLKID +ELFUTILS +KMOD -IDN)
[   20.108850] systemd[1]: Detected virtualization oracle.
[   20.128650] systemd[1]: Detected architecture x86-64.

Welcome to [1mUbuntu 16.04.3 LTS[0m!

[   20.167497] systemd[1]: Set hostname to <ubuntu-xenial>.
[   20.278768] systemd[1]: Created slice User and Session Slice.
[[0;32m  OK  [0m] Created slice User and Session Slice.
[   20.402827] systemd[1]: Listening on Device-mapper event daemon FIFOs.
[[0;32m  OK  [0m] Listening on Device-mapper event daemon FIFOs.
[   20.469823] systemd[1]: Listening on Journal Socket (/dev/log).
[[0;32m  OK  [0m] Listening on Journal Socket (/dev/log).
[   20.505661] systemd[1]: Reached target User and Group Name Lookups.
[[0;32m  OK  [0m] Reached target User and Group Name Lookups.
[   20.512169] systemd[1]: Listening on Journal Socket.
[[0;32m  OK  [0m] Listening on Journal Socket.
[   20.527318] systemd[1]: Set up automount Arbitrary Executable File Formats File System Automount Point.
[[0;32m  OK  [0m] Set up automount Arbitrary Executab...ats File System Automount Point.
[   20.601816] systemd[1]: Reached target Encrypted Volumes.
[[0;32m  OK  [0m] Reached target Encrypted Volumes.
[   20.774320] systemd[1]: Reached target Swap.
[[0;32m  OK  [0m] Reached target Swap.
[   20.926339] systemd[1]: Created slice System Slice.
[[0;32m  OK  [0m] Created slice System Slice.
[   21.022484] systemd[1]: Mounting POSIX Message Queue File System...
         Mounting POSIX Message Queue File System...
[   21.098423] systemd[1]: Mounting Huge Pages File System...
         Mounting Huge Pages File System...
[   21.130206] systemd[1]: Starting Set console keymap...
         Starting Set console keymap...
[   21.213998] systemd[1]: Created slice system-serial\x2dgetty.slice.
[[0;32m  OK  [0m] Created slice system-serial\x2dgetty.slice.
[   21.430334] random: nonblocking pool is initialized
[   21.541940] systemd[1]: Starting Uncomplicated firewall...
         Starting Uncomplicated firewall...
[   21.738271] systemd[1]: Starting Nameserver information manager...
         Starting Nameserver information manager...
[   21.927951] systemd[1]: Starting Load Kernel Modules...
         [   22.050640] Loading iSCSI transport class v2.0-870.
Starting Load Ke[   22.161976] iscsi: registered transport (tcp)
rnel Modules...
[   22.228617] systemd[1]: Starting Create list of required static device nodes for the current kernel...
         Starting Create list of required[   22.286959] iscsi: registered transport (iser)
 st... nodes for the current kernel...
[   22.350109] systemd[1]: Listening on udev Control Socket.
[[0;32m  OK  [0m] Listening on udev Control Socket.
[   22.425797] systemd[1]: Listening on Journal Audit Socket.
[[0;32m  OK  [0m] Listening on Journal Audit Socket.
[   22.505959] systemd[1]: Listening on udev Kernel Socket.
[[0;32m  OK  [0m] Listening on udev Kernel Socket.
[   22.682002] systemd[1]: Started Trigger resolvconf update for networkd DNS.
[[0;32m  OK  [0m] Started Trigger resolvconf update for networkd DNS.
[   22.950162] systemd[1]: Started Forward Password Requests to Wall Directory Watch.
[[0;32m  OK  [0m] Started Forward Password Requests to Wall Directory Watch.
[   23.138051] systemd[1]: Listening on LVM2 poll daemon socket.
[[0;32m  OK  [0m] Listening on LVM2 poll daemon socket.
[   23.369738] systemd[1]: Listening on /dev/initctl Compatibility Named Pipe.
[[0;32m  OK  [0m] Listening on /dev/initctl Compatibility Named Pipe.
[   23.433078] systemd[1]: Mounting Debug File System...
         Mounting Debug File System...
[   23.458435] systemd[1]: Listening on Syslog Socket.
[[0;32m  OK  [0m] Listening on Syslog Socket.
[   23.484433] systemd[1]: Starting Journal Service...
         Starting Journal Service...
[   23.519663] systemd[1]: Reached target Slices.
[[0;32m  OK  [0m] Reached target Slices.
[   23.521834] systemd[1]: Starting Remount Root and Kernel File Systems...
         Starting Remount Root and Kernel File Systems...
[   23.523501] systemd[1]: Listening on LVM2 metadata daemon socket.
[[0;32m  OK  [0m] Listening on [   23.545968] EXT4-fs (sda1): re-mounted. Opts: (null)
LVM2 metadata daemon socket.
[   23.690223] systemd[1]: Starting Monitoring of LVM2 mirrors, snapshots etc. using dmeventd or progress polling...
         Starting Monitoring of LVM2 mirrors... dmeventd or progress polling...
[   24.088073] systemd[1]: Mounted Huge Pages File System.
[[0;32m  OK  [0m] Mounted Huge Pages File System.
[   24.236387] systemd[1]: Mounted Debug File System.
[[0;32m  OK  [0m] Mounted Debug File System.
[   24.237883] systemd[1]: Mounted POSIX Message Queue File System.
[[0;32m  OK  [0m] Mounted POSIX Message Queue File System.
[   24.239555] systemd[1]: Started Journal Service.
[[0;32m  OK  [0m] Started Journal Service.
[[0;32m  OK  [0m] Started Set console keymap.
[[0;32m  OK  [0m] Started Uncomplicated firewall.
[[0;32m  OK  [0m] Started Load Kernel Modules.
[[0;32m  OK  [0m] Started Create list of required sta...ce nodes for the current kernel.
[[0;32m  OK  [0m] Started Remount Root and Kernel File Systems.
[[0;32m  OK  [0m] Started Nameserver information manager.
[[0;32m  OK  [0m] Started LVM2 metadata daemon.
         Starting Load/Save Random Seed...
         Starting Initial cloud-init job (pre-networking)...
         Starting udev Coldplug all Devices...
         Starting Create Static Device Nodes in /dev...
         Starting Apply Kernel Variables...
         Mounting FUSE Control File System...
         Starting Flush Journal to Persistent Storage...
[[0;32m  OK  [0m] Started Load/Save Random Seed.
[[0;32m  OK  [0m] Started Create Static Device Nodes in /dev.
[[0;32m  OK  [0m] Started Apply Kernel Variables.
[[0;32m  OK  [0m] Mounted FUSE Control File System.
[[0;32m  OK  [0m] Started udev Coldplug all Devices.
[[0;32m  OK  [0m] Started Flush Journal to Persistent Storage.
         Starting udev Kernel Device Manager...
[[0;32m  OK  [0m] Started udev Kernel Device Manager.
[[0;32m  OK  [0m] Started Dispatch Password Requests to Console Directory Watch.
[[0;32m  OK  [0m] Started Monitoring of LVM2 mirrors,...ng dmeventd or progress polling.
[[0;32m  OK  [0m] Found device /dev/ttyS0.
[[0;32m  OK  [0m] Reached target Local File Systems (Pre).
[[0;32m  OK  [0m] Reached target Local File Systems.
         Starting LSB: AppArmor initialization...
         Starting Set console font and keymap...
         Starting Tell Plymouth To Write Out Runtime Data...
         Starting Create Volatile Files and Directories...
[[0;32m  OK  [0m] Started Tell Plymouth To Write Out Runtime Data.
[[0;32m  OK  [0m] Started Create Volatile Files and Directories.
[[0;32m  OK  [0m] Reached target System Time Synchronized.
         Starting Update UTMP about System Boot/Shutdown...
[[0;32m  OK  [0m] Started Update UTMP about System Boot/Shutdown.
[[0;32m  OK  [0m] Started LSB: AppArmor initialization.
[[0;32m  OK  [0m] Found device 82540EM Gigabit Ethern...r (PRO/1000 MT Desktop Adapter).
[[0;32m  OK  [0m] Listening on Load/Save RF Kill Switch Status /dev/rfkill Watch.
[   19.540213] cloud-init[448]: Cloud-init v. 17.1 running 'init-local' at Wed, 07 Feb 2018 21:42:51 +0000. Up 19.08 seconds.
[[0;32m  OK  [0m] Started Initial cloud-init job (pre-networking).
[[0;32m  OK  [0m] Started Set console font and keymap.
[[0;32m  OK  [0m] Created slice system-getty.slice.
[[0;32m  OK  [0m] Reached target Network (Pre).
         Starting Raise network interfaces...
[[0;32m  OK  [0m] Started ifup for enp0s3.
[[0;32m  OK  [0m] Started Raise network interfaces.
         Starting Initial cloud-init job (metadata service crawler)...
[[0;32m  OK  [0m] Reached target Network.
[   22.398375] cloud-init[978]: Cloud-init v. 17.1 running 'init' at Wed, 07 Feb 2018 21:42:54 +0000. Up 22.19 seconds.
[   22.403425] cloud-init[978]: ci-info: +++++++++++++++++++++++++++++++++++++Net device info++++++++++++++++++++++++++++++++++++++
[   22.439856] cloud-init[978]: ci-info: +--------+------+----------------------------+---------------+-------+-------------------+
[[0;32m  OK  [0m] Started Initial cloud-init job (metadata service crawler).
[[0;32m  OK  [0m] Reached target Network is Online.
[   22.492025] cloud-init[978]: ci-info: | Device |  Up  |          Address           |      Mask     | Scope |     Hw-Address    |
[   22.716476] cloud-init[978]: ci-info: +--------+------+----------------------------+---------------+-------+-------------------+
         Starting iSCSI initiator daemon (iscsid)...
[[0;32m  OK  [0m] Reached target System Initialization.
[[0;32m  OK  [0m] Listening on UUID daemon activation socket.
[   22.874108] cloud-init[978]: ci-info: | enp0s3 | True |         10.0.2.15          | 255.255.255.0 |   .   | 02:1f:2a:60:99:e3 |
[   23.132446] cloud-init[978]: ci-info: | enp0s3 | True | fe80::1f:2aff:fe60:99e3/64 |       .       |  link | 02:1f:2a:60:99:e3 |
[[0;32m  OK  [0m] Started ACPI Events Check.
[[0;32m  OK  [0m] Reached target Paths.
[   23.166437] cloud-init[978]: ci-info: |   lo   | True |         127.0.0.1          |   255.0.0.0   |   .   |         .         |
[   23.252533] cloud-init[978]: ci-info: |   lo   | True |          ::1/128           |       .       |  host |         .         |
[[0;32m  OK  [0m] Listening on ACPID Listen Socket.
[[0;32m  OK  [0m] Listening on D-Bus System Message Bus Socket.
[   23.312278] cloud-init[978]: ci-info: +--------+------+----------------------------+---------------+-------+-------------------+
[   23.445911] cloud-init[978]: ci-info: +++++++++++++++++++++++++++Route IPv4 info++++++++++++++++++++++++++++
[[0;32m  OK  [0m] Started Daily apt download activities.[   23.460344] cloud-init[978]: ci-info: +-------+-------------+----------+---------------+-----------+-------+
[   23.460931] cloud-init[978]: ci-info: | Route | Destination | Gateway  |    Genmask    | Interface | Flags |
[   23.460966] cloud-init[978]: ci-info: +-------+-------------+----------+---------------+-----------+-------+
[   23.460998] cloud-init[978]: ci-info: |   0   |   0.0.0.0   | 10.0.2.2 |    0.0.0.0    |   enp0s3  |   UG  |
[   23.461031] cloud-init[978]: ci-info: |   1   |   10.0.2.0  | 0.0.0.0  | 255.255.255.0 |   enp0s3  |   U   |
[   23.461063] cloud-init[978]: ci-info: +-------+-------------+----------+---------------+-----------+-------+

[[0;32m  OK  [0m] Started Daily apt upgrade and clean activities.
         Starting Socket activation for snappy daemon.
[[0;32m  OK  [0m] Started Daily Cleanup of Temporary Directories.
[[0;32m  OK  [0m] Started Timer to automatically refresh installed snaps.
[[0;32m  OK  [0m] Reached target Timers.
         Starting LXD - unix socket.
[[0;32m  OK  [0m] Reached target Cloud-config availability.
[[0;32m  OK  [0m] Listening on Socket activation for snappy daemon.
[[0;32m  OK  [0m] Listening on LXD - unix socket.
[[0;32m  OK  [0m] Started iSCSI initiator daemon (iscsid).
         Starting Login to default iSCSI targets...
[[0;32m  OK  [0m] Reached target Sockets.
[[0;32m  OK  [0m] Reached target Basic System.
[[0;32m  OK  [0m] Started ACPI event daemon.
[[0;32m  OK  [0m] Started Regular background program processing daemon.
[[0;32m  OK  [0m] Started Deferred execution scheduler.
         Starting LXD - container startup/shutdown...
         Starting Accounts Service...
[[0;32m  OK  [0m] Started D-Bus System Message Bus.
         Starting LSB: Record successful boot for GRUB...
         Starting Apply the settings specified in cloud-config...
[[0;32m  OK  [0m] Started FUSE filesystem for LXC.
         Starting Login Service...
         Starting OpenBSD Secure Shell server...
         Starting System Logging Service...
         Starting LSB: MD monitoring daemon...
         Starting /etc/rc.local Compatibility...
[[0;32m  OK  [0m] Started Unattended Upgrades Shutdown.
         Starting Snappy daemon...
[[0;32m  OK  [0m] Started System Logging Service.
[[0;32m  OK  [0m] Started OpenBSD Secure Shell server.
[[0;32m  OK  [0m] Started LXD - container startup/shutdown.
[[0;32m  OK  [0m] Started /etc/rc.local Compatibility.
[[0;32m  OK  [0m] Started Login to default iSCSI targets.
[[0;32m  OK  [0m] Started LSB: Record successful boot for GRUB.
[[0;32m  OK  [0m] Started Snappy daemon.
         Starting Authenticate and Authorize Users to Run Privileged Tasks...
[[0;32m  OK  [0m] Reached target Remote File Systems (Pre).
[[0;32m  OK  [0m] Reached target Remote File Systems.
         Starting Permit User Sessions...
         Starting LSB: VirtualBox Linux Additions...
         Starting LSB: Set the CPU Frequency Scaling governor to "ondemand"...
         Starting LSB: automatic crash report generation...
         Starting LSB: daemon to balance interrupts for SMP systems...
[[0;32m  OK  [0m] Started Apply the settings specified in cloud-config.
[[0;32m  OK  [0m] Started LSB: MD monitoring daemon.
[[0;32m  OK  [0m] Started Permit User Sessions.
[[0;32m  OK  [0m] Started Login Service.
[[0;32m  OK  [0m] Started Authenticate and Authorize Users to Run Privileged Tasks.
[   24.738839] cloud-init[1070]: Cloud-init v. 17.1 running 'modules:config' at Wed, 07 Feb 2018 21:42:57 +0000. Up 24.65 seconds.
[[0;32m  OK  [0m] Started Accounts Service.
[[0;32m  OK  [0m] Started LSB: Set the CPU Frequency Scaling governor to "ondemand".
         Starting Terminate Plymouth Boot Screen...
         Starting Hold until boot process finishes up...
[[0;32m  OK  [0m] Started LSB: VirtualBox Linux Additions.
[[0;32m  OK  [0m] Started LSB: automatic crash report generation.
[[0;32m  OK  [0m] Started LSB: daemon to balance interrupts for SMP systems.
[[0;32m  OK  [0m] Started Terminate Plymouth Boot Screen.
[[0;32m  OK  [0m] Started Hold until boot process finishes up.
[[0;32m  OK  [0m] Created slice User Slice of vagrant.
[[0;32m  OK  [0m] Started Session 1 of user vagrant.
         Starting User Manager for UID 1000...
         Starting Set console scheme...
[[0;32m  OK  [0m] Started Serial Getty on ttyS0.
[[0;32m  OK  [0m] Started Getty on tty1.
[[0;32m  OK  [0m] Reached target Login Prompts.
[[0;32m  OK  [0m] Reached target Multi-User System.
         Starting Execute cloud user/final scripts...
[[0;32m  OK  [0m] Reached target Graphical Interface.
         Starting Update UTMP about System Runlevel Changes...
[[0;32m  OK  [0m] Started User Manager for UID 1000.
[[0;32m  OK  [0m] Started Set console scheme.
[[0;32m  OK  [0m] Started Execute cloud user/final scripts.
[   25.964081] cloud-init[1228]: Cloud-init v. 17.1 running 'modules:final' at Wed, 07 Feb 2018 21:42:58 +0000. Up 25.87 seconds.
[   26.030658] cloud-init[1228]: Cloud-init v. 17.1 finished at Wed, 07 Feb 2018 21:42:58 +0000. Datasource DataSourceNoCloud [seed=/dev/sdb][dsmode=net].  Up 25.96 seconds[[0;32m  OK  [0m] Started Update UTMP about System Runlevel Changes.
         Starting Daily apt download activities...
[[0;32m  OK  [0m] Reached target Cloud-init target.

         Stopping User Manager for UID 1000...
[[0;32m  OK  [0m] Stopped User Manager for UID 1000.
[[0;32m  OK  [0m] Removed slice User Slice of vagrant.

Ubuntu 16.04.3 LTS ubuntu-xenial ttyS0

ubuntu-xenial login: [[0;32m  OK  [0m] Started ACPI event daemon.
[[0;32m  OK  [0m] Started ACPI event daemon.
[[0;32m  OK  [0m] Started ACPI event daemon.
[  OK  ] Started ACPI event daemon.
[  OK  ] Started Trigger resolvconf update for networkd DNS.
[  OK  ] Started ACPI event daemon.
[  OK  ] Started ACPI event daemon.
         Stopping udev Kernel Device Manager...
[  OK  ] Stopped udev Kernel Device Manager.
[  OK  ] Started ACPI event daemon.
[  OK  ] Started ACPI event daemon.
[  OK  ] Stopped udev Kernel Device Manager.
         Starting udev Kernel Device Manager...
[  OK  ] Started udev Kernel Device Manager.
[  OK  ] Started ACPI event daemon.
[  OK  ] Started Daily apt upgrade and clean activities.
